2024/09/02 18:17:45 [error] [php] Undefined variable $username (C:\xampp\htdocs\yii-InoversClinic\protected\components\UserIdentity.php:24)
Stack trace:
#0 C:\xampp\htdocs\yii-InoversClinic\protected\models\LoginForm.php(54): UserIdentity->authenticate()
#1 C:\xampp\htdocs\yii-master\framework\validators\CInlineValidator.php(42): LoginForm->authenticate()
#2 C:\xampp\htdocs\yii-master\framework\validators\CValidator.php(201): CInlineValidator->validateAttribute()
#3 C:\xampp\htdocs\yii-master\framework\base\CModel.php(159): CInlineValidator->validate()
#4 C:\xampp\htdocs\yii-InoversClinic\protected\controllers\SiteController.php(94): LoginForm->validate()
#5 C:\xampp\htdocs\yii-master\framework\web\actions\CInlineAction.php(49): SiteController->actionLogin()
#6 C:\xampp\htdocs\yii-master\framework\web\CController.php(308): CInlineAction->runWithParams()
#7 C:\xampp\htdocs\yii-master\framework\web\CController.php(286): SiteController->runAction()
#8 C:\xampp\htdocs\yii-master\framework\web\CController.php(265): SiteController->runActionWithFilters()
#9 C:\xampp\htdocs\yii-master\framework\web\CWebApplication.php(282): SiteController->run()
#10 C:\xampp\htdocs\yii-master\framework\web\CWebApplication.php(141): CWebApplication->runController()
#11 C:\xampp\htdocs\yii-master\framework\base\CApplication.php(185): CWebApplication->processRequest()
#12 C:\xampp\htdocs\yii-InoversClinic\index.php(13): CWebApplication->run()
REQUEST_URI=/yii-InoversClinic/index.php?r=site/login
in C:\xampp\htdocs\yii-InoversClinic\protected\components\UserIdentity.php (24)
in C:\xampp\htdocs\yii-InoversClinic\protected\models\LoginForm.php (54)
in C:\xampp\htdocs\yii-InoversClinic\protected\controllers\SiteController.php (94)
2024/09/02 18:28:52 [error] [php] Undefined variable $username (C:\xampp\htdocs\yii-InoversClinic\protected\components\UserIdentity.php:24)
Stack trace:
#0 C:\xampp\htdocs\yii-InoversClinic\protected\models\LoginForm.php(54): UserIdentity->authenticate()
#1 C:\xampp\htdocs\yii-master\framework\validators\CInlineValidator.php(42): LoginForm->authenticate()
#2 C:\xampp\htdocs\yii-master\framework\validators\CValidator.php(201): CInlineValidator->validateAttribute()
#3 C:\xampp\htdocs\yii-master\framework\base\CModel.php(159): CInlineValidator->validate()
#4 C:\xampp\htdocs\yii-InoversClinic\protected\controllers\SiteController.php(94): LoginForm->validate()
#5 C:\xampp\htdocs\yii-master\framework\web\actions\CInlineAction.php(49): SiteController->actionLogin()
#6 C:\xampp\htdocs\yii-master\framework\web\CController.php(308): CInlineAction->runWithParams()
#7 C:\xampp\htdocs\yii-master\framework\web\CController.php(286): SiteController->runAction()
#8 C:\xampp\htdocs\yii-master\framework\web\CController.php(265): SiteController->runActionWithFilters()
#9 C:\xampp\htdocs\yii-master\framework\web\CWebApplication.php(282): SiteController->run()
#10 C:\xampp\htdocs\yii-master\framework\web\CWebApplication.php(141): CWebApplication->runController()
#11 C:\xampp\htdocs\yii-master\framework\base\CApplication.php(185): CWebApplication->processRequest()
#12 C:\xampp\htdocs\yii-InoversClinic\index.php(13): CWebApplication->run()
REQUEST_URI=/yii-InoversClinic/index.php?r=site/login
in C:\xampp\htdocs\yii-InoversClinic\protected\components\UserIdentity.php (24)
in C:\xampp\htdocs\yii-InoversClinic\protected\models\LoginForm.php (54)
in C:\xampp\htdocs\yii-InoversClinic\protected\controllers\SiteController.php (94)
2024/09/02 18:40:20 [error] [php] Undefined variable $username (C:\xampp\htdocs\yii-InoversClinic\protected\components\UserIdentity.php:24)
Stack trace:
#0 C:\xampp\htdocs\yii-InoversClinic\protected\models\LoginForm.php(54): UserIdentity->authenticate()
#1 C:\xampp\htdocs\yii-master\framework\validators\CInlineValidator.php(42): LoginForm->authenticate()
#2 C:\xampp\htdocs\yii-master\framework\validators\CValidator.php(201): CInlineValidator->validateAttribute()
#3 C:\xampp\htdocs\yii-master\framework\base\CModel.php(159): CInlineValidator->validate()
#4 C:\xampp\htdocs\yii-InoversClinic\protected\controllers\SiteController.php(94): LoginForm->validate()
#5 C:\xampp\htdocs\yii-master\framework\web\actions\CInlineAction.php(49): SiteController->actionLogin()
#6 C:\xampp\htdocs\yii-master\framework\web\CController.php(308): CInlineAction->runWithParams()
#7 C:\xampp\htdocs\yii-master\framework\web\CController.php(286): SiteController->runAction()
#8 C:\xampp\htdocs\yii-master\framework\web\CController.php(265): SiteController->runActionWithFilters()
#9 C:\xampp\htdocs\yii-master\framework\web\CWebApplication.php(282): SiteController->run()
#10 C:\xampp\htdocs\yii-master\framework\web\CWebApplication.php(141): CWebApplication->runController()
#11 C:\xampp\htdocs\yii-master\framework\base\CApplication.php(185): CWebApplication->processRequest()
#12 C:\xampp\htdocs\yii-InoversClinic\index.php(13): CWebApplication->run()
REQUEST_URI=/yii-InoversClinic/index.php?r=site/login
in C:\xampp\htdocs\yii-InoversClinic\protected\components\UserIdentity.php (24)
in C:\xampp\htdocs\yii-InoversClinic\protected\models\LoginForm.php (54)
in C:\xampp\htdocs\yii-InoversClinic\protected\controllers\SiteController.php (94)
2024/09/02 18:41:01 [error] [php] Undefined variable $username (C:\xampp\htdocs\yii-InoversClinic\protected\components\UserIdentity.php:25)
Stack trace:
#0 C:\xampp\htdocs\yii-InoversClinic\protected\models\LoginForm.php(54): UserIdentity->authenticate()
#1 C:\xampp\htdocs\yii-master\framework\validators\CInlineValidator.php(42): LoginForm->authenticate()
#2 C:\xampp\htdocs\yii-master\framework\validators\CValidator.php(201): CInlineValidator->validateAttribute()
#3 C:\xampp\htdocs\yii-master\framework\base\CModel.php(159): CInlineValidator->validate()
#4 C:\xampp\htdocs\yii-InoversClinic\protected\controllers\SiteController.php(94): LoginForm->validate()
#5 C:\xampp\htdocs\yii-master\framework\web\actions\CInlineAction.php(49): SiteController->actionLogin()
#6 C:\xampp\htdocs\yii-master\framework\web\CController.php(308): CInlineAction->runWithParams()
#7 C:\xampp\htdocs\yii-master\framework\web\CController.php(286): SiteController->runAction()
#8 C:\xampp\htdocs\yii-master\framework\web\CController.php(265): SiteController->runActionWithFilters()
#9 C:\xampp\htdocs\yii-master\framework\web\CWebApplication.php(282): SiteController->run()
#10 C:\xampp\htdocs\yii-master\framework\web\CWebApplication.php(141): CWebApplication->runController()
#11 C:\xampp\htdocs\yii-master\framework\base\CApplication.php(185): CWebApplication->processRequest()
#12 C:\xampp\htdocs\yii-InoversClinic\index.php(13): CWebApplication->run()
REQUEST_URI=/yii-InoversClinic/index.php?r=site/login
in C:\xampp\htdocs\yii-InoversClinic\protected\components\UserIdentity.php (25)
in C:\xampp\htdocs\yii-InoversClinic\protected\models\LoginForm.php (54)
in C:\xampp\htdocs\yii-InoversClinic\protected\controllers\SiteController.php (94)
2024/09/02 18:45:02 [error] [php] Undefined variable $username (C:\xampp\htdocs\yii-InoversClinic\protected\components\UserIdentity.php:24)
Stack trace:
#0 C:\xampp\htdocs\yii-InoversClinic\protected\models\LoginForm.php(54): UserIdentity->authenticate()
#1 C:\xampp\htdocs\yii-master\framework\validators\CInlineValidator.php(42): LoginForm->authenticate()
#2 C:\xampp\htdocs\yii-master\framework\validators\CValidator.php(201): CInlineValidator->validateAttribute()
#3 C:\xampp\htdocs\yii-master\framework\base\CModel.php(159): CInlineValidator->validate()
#4 C:\xampp\htdocs\yii-InoversClinic\protected\controllers\SiteController.php(94): LoginForm->validate()
#5 C:\xampp\htdocs\yii-master\framework\web\actions\CInlineAction.php(49): SiteController->actionLogin()
#6 C:\xampp\htdocs\yii-master\framework\web\CController.php(308): CInlineAction->runWithParams()
#7 C:\xampp\htdocs\yii-master\framework\web\CController.php(286): SiteController->runAction()
#8 C:\xampp\htdocs\yii-master\framework\web\CController.php(265): SiteController->runActionWithFilters()
#9 C:\xampp\htdocs\yii-master\framework\web\CWebApplication.php(282): SiteController->run()
#10 C:\xampp\htdocs\yii-master\framework\web\CWebApplication.php(141): CWebApplication->runController()
#11 C:\xampp\htdocs\yii-master\framework\base\CApplication.php(185): CWebApplication->processRequest()
#12 C:\xampp\htdocs\yii-InoversClinic\index.php(13): CWebApplication->run()
REQUEST_URI=/yii-inoversClinic/index.php?r=site/login
in C:\xampp\htdocs\yii-InoversClinic\protected\components\UserIdentity.php (24)
in C:\xampp\htdocs\yii-InoversClinic\protected\models\LoginForm.php (54)
in C:\xampp\htdocs\yii-InoversClinic\protected\controllers\SiteController.php (94)
2024/09/02 19:01:48 [error] [exception.CException] CException: Property "UserIdentity._id" is not defined. in C:\xampp\htdocs\yii-master\framework\base\CComponent.php:130
Stack trace:
#0 C:\xampp\htdocs\yii-InoversClinic\protected\components\UserIdentity.php(40): CComponent->__get('_id')
#1 C:\xampp\htdocs\yii-master\framework\web\auth\CWebUser.php(231): UserIdentity->getId()
#2 C:\xampp\htdocs\yii-InoversClinic\protected\models\LoginForm.php(73): CWebUser->login(Object(UserIdentity), 0)
#3 C:\xampp\htdocs\yii-InoversClinic\protected\controllers\SiteController.php(94): LoginForm->login()
#4 C:\xampp\htdocs\yii-master\framework\web\actions\CInlineAction.php(49): SiteController->actionLogin()
#5 C:\xampp\htdocs\yii-master\framework\web\CController.php(308): CInlineAction->runWithParams(Array)
#6 C:\xampp\htdocs\yii-master\framework\web\CController.php(286): CController->runAction(Object(CInlineAction))
#7 C:\xampp\htdocs\yii-master\framework\web\CController.php(265): CController->runActionWithFilters(Object(CInlineAction), Array)
#8 C:\xampp\htdocs\yii-master\framework\web\CWebApplication.php(282): CController->run('login')
#9 C:\xampp\htdocs\yii-master\framework\web\CWebApplication.php(141): CWebApplication->runController('site/login')
#10 C:\xampp\htdocs\yii-master\framework\base\CApplication.php(185): CWebApplication->processRequest()
#11 C:\xampp\htdocs\yii-InoversClinic\index.php(13): CApplication->run()
#12 {main}
REQUEST_URI=/yii-InoversClinic/index.php?r=site/login
HTTP_REFERER=http://localhost/yii-InoversClinic/index.php?r=site/login
---
2024/09/02 19:02:18 [warning] [application] Failed to set unsafe attribute "created_at" of "User".
in C:\xampp\htdocs\yii-InoversClinic\protected\controllers\UserController.php (72)
in C:\xampp\htdocs\yii-InoversClinic\index.php (13)
2024/09/02 19:02:18 [warning] [application] Failed to set unsafe attribute "updated_at" of "User".
in C:\xampp\htdocs\yii-InoversClinic\protected\controllers\UserController.php (72)
in C:\xampp\htdocs\yii-InoversClinic\index.php (13)
2024/09/02 19:03:34 [warning] [application] Failed to set unsafe attribute "created_at" of "User".
in C:\xampp\htdocs\yii-InoversClinic\protected\controllers\UserController.php (96)
in C:\xampp\htdocs\yii-InoversClinic\index.php (13)
2024/09/02 19:03:34 [warning] [application] Failed to set unsafe attribute "updated_at" of "User".
in C:\xampp\htdocs\yii-InoversClinic\protected\controllers\UserController.php (96)
in C:\xampp\htdocs\yii-InoversClinic\index.php (13)
2024/09/02 19:14:49 [error] [exception.CHttpException.404] CHttpException: The system is unable to find the requested action "user". in C:\xampp\htdocs\yii-master\framework\web\CController.php:486
Stack trace:
#0 C:\xampp\htdocs\yii-master\framework\web\CController.php(270): CController->missingAction('user')
#1 C:\xampp\htdocs\yii-master\framework\web\CWebApplication.php(282): CController->run('user')
#2 C:\xampp\htdocs\yii-master\framework\web\CWebApplication.php(141): CWebApplication->runController('site/user')
#3 C:\xampp\htdocs\yii-master\framework\base\CApplication.php(185): CWebApplication->processRequest()
#4 C:\xampp\htdocs\yii-InoversClinic\index.php(13): CApplication->run()
#5 {main}
REQUEST_URI=/yii-inoversClinic/index.php?r=site/user
HTTP_REFERER=http://localhost/yii-inoversClinic/index.php?r=site/index
---
2024/09/02 19:32:34 [error] [exception.CException] CException: Property "CWebUser.Login" is not defined. in C:\xampp\htdocs\yii-master\framework\base\CComponent.php:172
Stack trace:
#0 C:\xampp\htdocs\yii-master\framework\web\auth\CWebUser.php(161): CComponent->__set('Login', Array)
#1 C:\xampp\htdocs\yii-master\framework\YiiBase.php(227): CWebUser->__set('Login', Array)
#2 C:\xampp\htdocs\yii-master\framework\base\CModule.php(393): YiiBase::createComponent(Array)
#3 C:\xampp\htdocs\yii-master\framework\base\CModule.php(103): CModule->getComponent('user')
#4 C:\xampp\htdocs\yii-InoversClinic\protected\views\layouts\main.php(35): CModule->__get('user')
#5 C:\xampp\htdocs\yii-master\framework\web\CBaseController.php(126): require('C:\\xampp\\htdocs...')
#6 C:\xampp\htdocs\yii-master\framework\web\CBaseController.php(95): CBaseController->renderInternal('C:\\xampp\\htdocs...', Array, true)
#7 C:\xampp\htdocs\yii-master\framework\web\widgets\CContentDecorator.php(76): CBaseController->renderFile('C:\\xampp\\htdocs...', Array, true)
#8 C:\xampp\htdocs\yii-master\framework\web\widgets\CContentDecorator.php(54): CContentDecorator->decorate('<div id="conten...')
#9 C:\xampp\htdocs\yii-master\framework\web\widgets\COutputProcessor.php(44): CContentDecorator->processOutput('<div id="conten...')
#10 C:\xampp\htdocs\yii-master\framework\web\CBaseController.php(215): COutputProcessor->run()
#11 C:\xampp\htdocs\yii-master\framework\web\CBaseController.php(309): CBaseController->endWidget('CContentDecorat...')
#12 C:\xampp\htdocs\yii-InoversClinic\protected\views\layouts\column1.php(6): CBaseController->endContent()
#13 C:\xampp\htdocs\yii-master\framework\web\CBaseController.php(126): require('C:\\xampp\\htdocs...')
#14 C:\xampp\htdocs\yii-master\framework\web\CBaseController.php(95): CBaseController->renderInternal('C:\\xampp\\htdocs...', Array, true)
#15 C:\xampp\htdocs\yii-master\framework\web\CController.php(787): CBaseController->renderFile('C:\\xampp\\htdocs...', Array, true)
#16 C:\xampp\htdocs\yii-InoversClinic\protected\controllers\SiteController.php(98): CController->render('login', Array)
#17 C:\xampp\htdocs\yii-master\framework\web\actions\CInlineAction.php(49): SiteController->actionLogin()
#18 C:\xampp\htdocs\yii-master\framework\web\CController.php(308): CInlineAction->runWithParams(Array)
#19 C:\xampp\htdocs\yii-master\framework\web\CController.php(286): CController->runAction(Object(CInlineAction))
#20 C:\xampp\htdocs\yii-master\framework\web\CController.php(265): CController->runActionWithFilters(Object(CInlineAction), Array)
#21 C:\xampp\htdocs\yii-master\framework\web\CWebApplication.php(282): CController->run('login')
#22 C:\xampp\htdocs\yii-master\framework\web\CWebApplication.php(141): CWebApplication->runController('site/login')
#23 C:\xampp\htdocs\yii-master\framework\base\CApplication.php(185): CWebApplication->processRequest()
#24 C:\xampp\htdocs\yii-InoversClinic\index.php(13): CApplication->run()
#25 {main}
REQUEST_URI=/yii-inoversClinic/index.php?r=site/login
HTTP_REFERER=http://localhost/yii-inoversClinic/index.php?r=site/login
---
2024/09/02 19:38:59 [error] [exception.ParseError] ParseError: syntax error, unexpected token "public" in C:\xampp\htdocs\yii-InoversClinic\protected\models\LoginForm.php:66
Stack trace:
#0 C:\xampp\htdocs\yii-InoversClinic\protected\controllers\SiteController.php(80): YiiBase::autoload('LoginForm')
#1 C:\xampp\htdocs\yii-master\framework\web\actions\CInlineAction.php(49): SiteController->actionLogin()
#2 C:\xampp\htdocs\yii-master\framework\web\CController.php(308): CInlineAction->runWithParams(Array)
#3 C:\xampp\htdocs\yii-master\framework\web\CController.php(286): CController->runAction(Object(CInlineAction))
#4 C:\xampp\htdocs\yii-master\framework\web\CController.php(265): CController->runActionWithFilters(Object(CInlineAction), Array)
#5 C:\xampp\htdocs\yii-master\framework\web\CWebApplication.php(282): CController->run('login')
#6 C:\xampp\htdocs\yii-master\framework\web\CWebApplication.php(141): CWebApplication->runController('site/login')
#7 C:\xampp\htdocs\yii-master\framework\base\CApplication.php(185): CWebApplication->processRequest()
#8 C:\xampp\htdocs\yii-InoversClinic\index.php(13): CApplication->run()
#9 {main}
REQUEST_URI=/yii-inoversClinic/index.php?r=site/login
HTTP_REFERER=http://localhost/yii-inoversClinic/index.php?r=site/login
---
2024/09/02 20:06:59 [error] [exception.CException] CException: User and its behaviors do not have a method or closure named "encrypt". in C:\xampp\htdocs\yii-master\framework\base\CComponent.php:264
Stack trace:
#0 C:\xampp\htdocs\yii-master\framework\db\ar\CActiveRecord.php(229): CComponent->__call('encrypt', Array)
#1 C:\xampp\htdocs\yii-InoversClinic\protected\components\UserIdentity.php(25): CActiveRecord->__call('encrypt', Array)
#2 C:\xampp\htdocs\yii-InoversClinic\protected\models\LoginForm.php(54): UserIdentity->authenticate()
#3 C:\xampp\htdocs\yii-master\framework\validators\CInlineValidator.php(42): LoginForm->authenticate('password', Array)
#4 C:\xampp\htdocs\yii-master\framework\validators\CValidator.php(201): CInlineValidator->validateAttribute(Object(LoginForm), 'password')
#5 C:\xampp\htdocs\yii-master\framework\base\CModel.php(159): CValidator->validate(Object(LoginForm), Array)
#6 C:\xampp\htdocs\yii-InoversClinic\protected\controllers\SiteController.php(94): CModel->validate()
#7 C:\xampp\htdocs\yii-master\framework\web\actions\CInlineAction.php(49): SiteController->actionLogin()
#8 C:\xampp\htdocs\yii-master\framework\web\CController.php(308): CInlineAction->runWithParams(Array)
#9 C:\xampp\htdocs\yii-master\framework\web\CController.php(286): CController->runAction(Object(CInlineAction))
#10 C:\xampp\htdocs\yii-master\framework\web\CController.php(265): CController->runActionWithFilters(Object(CInlineAction), Array)
#11 C:\xampp\htdocs\yii-master\framework\web\CWebApplication.php(282): CController->run('login')
#12 C:\xampp\htdocs\yii-master\framework\web\CWebApplication.php(141): CWebApplication->runController('site/login')
#13 C:\xampp\htdocs\yii-master\framework\base\CApplication.php(185): CWebApplication->processRequest()
#14 C:\xampp\htdocs\yii-InoversClinic\index.php(13): CApplication->run()
#15 {main}
REQUEST_URI=/yii-inoversClinic/index.php?r=site/login
HTTP_REFERER=http://localhost/yii-inoversClinic/index.php?r=site/login
---
2024/09/02 20:07:42 [error] [exception.CException] CException: User and its behaviors do not have a method or closure named "encrypt". in C:\xampp\htdocs\yii-master\framework\base\CComponent.php:264
Stack trace:
#0 C:\xampp\htdocs\yii-master\framework\db\ar\CActiveRecord.php(229): CComponent->__call('encrypt', Array)
#1 C:\xampp\htdocs\yii-InoversClinic\protected\components\UserIdentity.php(18): CActiveRecord->__call('encrypt', Array)
#2 C:\xampp\htdocs\yii-InoversClinic\protected\models\LoginForm.php(54): UserIdentity->authenticate()
#3 C:\xampp\htdocs\yii-master\framework\validators\CInlineValidator.php(42): LoginForm->authenticate('password', Array)
#4 C:\xampp\htdocs\yii-master\framework\validators\CValidator.php(201): CInlineValidator->validateAttribute(Object(LoginForm), 'password')
#5 C:\xampp\htdocs\yii-master\framework\base\CModel.php(159): CValidator->validate(Object(LoginForm), Array)
#6 C:\xampp\htdocs\yii-InoversClinic\protected\controllers\SiteController.php(94): CModel->validate()
#7 C:\xampp\htdocs\yii-master\framework\web\actions\CInlineAction.php(49): SiteController->actionLogin()
#8 C:\xampp\htdocs\yii-master\framework\web\CController.php(308): CInlineAction->runWithParams(Array)
#9 C:\xampp\htdocs\yii-master\framework\web\CController.php(286): CController->runAction(Object(CInlineAction))
#10 C:\xampp\htdocs\yii-master\framework\web\CController.php(265): CController->runActionWithFilters(Object(CInlineAction), Array)
#11 C:\xampp\htdocs\yii-master\framework\web\CWebApplication.php(282): CController->run('login')
#12 C:\xampp\htdocs\yii-master\framework\web\CWebApplication.php(141): CWebApplication->runController('site/login')
#13 C:\xampp\htdocs\yii-master\framework\base\CApplication.php(185): CWebApplication->processRequest()
#14 C:\xampp\htdocs\yii-InoversClinic\index.php(13): CApplication->run()
#15 {main}
REQUEST_URI=/yii-inoversClinic/index.php?r=site/login
HTTP_REFERER=http://localhost/yii-inoversClinic/index.php?r=site/login
---
2024/09/02 20:23:03 [error] [php] Undefined variable $username (C:\xampp\htdocs\yii-InoversClinic\protected\models\LoginForm.php:53)
Stack trace:
#0 C:\xampp\htdocs\yii-master\framework\validators\CInlineValidator.php(42): LoginForm->authenticate()
#1 C:\xampp\htdocs\yii-master\framework\validators\CValidator.php(201): CInlineValidator->validateAttribute()
#2 C:\xampp\htdocs\yii-master\framework\base\CModel.php(159): CInlineValidator->validate()
#3 C:\xampp\htdocs\yii-InoversClinic\protected\controllers\SiteController.php(94): LoginForm->validate()
#4 C:\xampp\htdocs\yii-master\framework\web\actions\CInlineAction.php(49): SiteController->actionLogin()
#5 C:\xampp\htdocs\yii-master\framework\web\CController.php(308): CInlineAction->runWithParams()
#6 C:\xampp\htdocs\yii-master\framework\web\CController.php(286): SiteController->runAction()
#7 C:\xampp\htdocs\yii-master\framework\web\CController.php(265): SiteController->runActionWithFilters()
#8 C:\xampp\htdocs\yii-master\framework\web\CWebApplication.php(282): SiteController->run()
#9 C:\xampp\htdocs\yii-master\framework\web\CWebApplication.php(141): CWebApplication->runController()
#10 C:\xampp\htdocs\yii-master\framework\base\CApplication.php(185): CWebApplication->processRequest()
#11 C:\xampp\htdocs\yii-InoversClinic\index.php(13): CWebApplication->run()
REQUEST_URI=/yii-inoversClinic/index.php?r=site/login
in C:\xampp\htdocs\yii-InoversClinic\protected\models\LoginForm.php (53)
in C:\xampp\htdocs\yii-InoversClinic\protected\controllers\SiteController.php (94)
in C:\xampp\htdocs\yii-InoversClinic\index.php (13)
2024/09/02 20:26:17 [error] [php] Undefined variable $username (C:\xampp\htdocs\yii-InoversClinic\protected\models\LoginForm.php:53)
Stack trace:
#0 C:\xampp\htdocs\yii-master\framework\validators\CInlineValidator.php(42): LoginForm->authenticate()
#1 C:\xampp\htdocs\yii-master\framework\validators\CValidator.php(201): CInlineValidator->validateAttribute()
#2 C:\xampp\htdocs\yii-master\framework\base\CModel.php(159): CInlineValidator->validate()
#3 C:\xampp\htdocs\yii-InoversClinic\protected\controllers\SiteController.php(94): LoginForm->validate()
#4 C:\xampp\htdocs\yii-master\framework\web\actions\CInlineAction.php(49): SiteController->actionLogin()
#5 C:\xampp\htdocs\yii-master\framework\web\CController.php(308): CInlineAction->runWithParams()
#6 C:\xampp\htdocs\yii-master\framework\web\CController.php(286): SiteController->runAction()
#7 C:\xampp\htdocs\yii-master\framework\web\CController.php(265): SiteController->runActionWithFilters()
#8 C:\xampp\htdocs\yii-master\framework\web\CWebApplication.php(282): SiteController->run()
#9 C:\xampp\htdocs\yii-master\framework\web\CWebApplication.php(141): CWebApplication->runController()
#10 C:\xampp\htdocs\yii-master\framework\base\CApplication.php(185): CWebApplication->processRequest()
#11 C:\xampp\htdocs\yii-InoversClinic\index.php(13): CWebApplication->run()
REQUEST_URI=/yii-inoversClinic/index.php?r=site/login
in C:\xampp\htdocs\yii-InoversClinic\protected\models\LoginForm.php (53)
in C:\xampp\htdocs\yii-InoversClinic\protected\controllers\SiteController.php (94)
in C:\xampp\htdocs\yii-InoversClinic\index.php (13)
2024/09/02 20:26:22 [error] [php] Undefined variable $username (C:\xampp\htdocs\yii-InoversClinic\protected\models\LoginForm.php:53)
Stack trace:
#0 C:\xampp\htdocs\yii-master\framework\validators\CInlineValidator.php(42): LoginForm->authenticate()
#1 C:\xampp\htdocs\yii-master\framework\validators\CValidator.php(201): CInlineValidator->validateAttribute()
#2 C:\xampp\htdocs\yii-master\framework\base\CModel.php(159): CInlineValidator->validate()
#3 C:\xampp\htdocs\yii-InoversClinic\protected\controllers\SiteController.php(94): LoginForm->validate()
#4 C:\xampp\htdocs\yii-master\framework\web\actions\CInlineAction.php(49): SiteController->actionLogin()
#5 C:\xampp\htdocs\yii-master\framework\web\CController.php(308): CInlineAction->runWithParams()
#6 C:\xampp\htdocs\yii-master\framework\web\CController.php(286): SiteController->runAction()
#7 C:\xampp\htdocs\yii-master\framework\web\CController.php(265): SiteController->runActionWithFilters()
#8 C:\xampp\htdocs\yii-master\framework\web\CWebApplication.php(282): SiteController->run()
#9 C:\xampp\htdocs\yii-master\framework\web\CWebApplication.php(141): CWebApplication->runController()
#10 C:\xampp\htdocs\yii-master\framework\base\CApplication.php(185): CWebApplication->processRequest()
#11 C:\xampp\htdocs\yii-InoversClinic\index.php(13): CWebApplication->run()
REQUEST_URI=/yii-inoversClinic/index.php?r=site/login
in C:\xampp\htdocs\yii-InoversClinic\protected\models\LoginForm.php (53)
in C:\xampp\htdocs\yii-InoversClinic\protected\controllers\SiteController.php (94)
in C:\xampp\htdocs\yii-InoversClinic\index.php (13)
2024/09/02 21:45:33 [error] [exception.CException] CException: Property "User.E_PASSWORD" is not defined. in C:\xampp\htdocs\yii-master\framework\base\CComponent.php:130
Stack trace:
#0 C:\xampp\htdocs\yii-master\framework\db\ar\CActiveRecord.php(145): CComponent->__get('E_PASSWORD')
#1 C:\xampp\htdocs\yii-InoversClinic\protected\components\UserIdentity.php(17): CActiveRecord->__get('E_PASSWORD')
#2 C:\xampp\htdocs\yii-InoversClinic\protected\models\LoginForm.php(54): UserIdentity->authenticate()
#3 C:\xampp\htdocs\yii-master\framework\validators\CInlineValidator.php(42): LoginForm->authenticate('password', Array)
#4 C:\xampp\htdocs\yii-master\framework\validators\CValidator.php(201): CInlineValidator->validateAttribute(Object(LoginForm), 'password')
#5 C:\xampp\htdocs\yii-master\framework\base\CModel.php(159): CValidator->validate(Object(LoginForm), Array)
#6 C:\xampp\htdocs\yii-InoversClinic\protected\controllers\SiteController.php(94): CModel->validate()
#7 C:\xampp\htdocs\yii-master\framework\web\actions\CInlineAction.php(49): SiteController->actionLogin()
#8 C:\xampp\htdocs\yii-master\framework\web\CController.php(308): CInlineAction->runWithParams(Array)
#9 C:\xampp\htdocs\yii-master\framework\web\CController.php(286): CController->runAction(Object(CInlineAction))
#10 C:\xampp\htdocs\yii-master\framework\web\CController.php(265): CController->runActionWithFilters(Object(CInlineAction), Array)
#11 C:\xampp\htdocs\yii-master\framework\web\CWebApplication.php(282): CController->run('login')
#12 C:\xampp\htdocs\yii-master\framework\web\CWebApplication.php(141): CWebApplication->runController('site/login')
#13 C:\xampp\htdocs\yii-master\framework\base\CApplication.php(185): CWebApplication->processRequest()
#14 C:\xampp\htdocs\yii-InoversClinic\index.php(13): CApplication->run()
#15 {main}
REQUEST_URI=/yii-InoversClinic/index.php?r=site/login
HTTP_REFERER=http://localhost/yii-InoversClinic/index.php?r=site/login
---
2024/09/02 21:48:06 [error] [exception.CHttpException.404] CHttpException: The system is unable to find the requested action "user". in C:\xampp\htdocs\yii-master\framework\web\CController.php:486
Stack trace:
#0 C:\xampp\htdocs\yii-master\framework\web\CController.php(270): CController->missingAction('user')
#1 C:\xampp\htdocs\yii-master\framework\web\CWebApplication.php(282): CController->run('user')
#2 C:\xampp\htdocs\yii-master\framework\web\CWebApplication.php(141): CWebApplication->runController('site/user')
#3 C:\xampp\htdocs\yii-master\framework\base\CApplication.php(185): CWebApplication->processRequest()
#4 C:\xampp\htdocs\yii-InoversClinic\index.php(13): CApplication->run()
#5 {main}
REQUEST_URI=/yii-InoversClinic/index.php?r=site/user
HTTP_REFERER=http://localhost/yii-InoversClinic/index.php
---
2024/09/02 21:48:49 [error] [exception.CHttpException.404] CHttpException: The system is unable to find the requested action "user". in C:\xampp\htdocs\yii-master\framework\web\CController.php:486
Stack trace:
#0 C:\xampp\htdocs\yii-master\framework\web\CController.php(270): CController->missingAction('user')
#1 C:\xampp\htdocs\yii-master\framework\web\CWebApplication.php(282): CController->run('user')
#2 C:\xampp\htdocs\yii-master\framework\web\CWebApplication.php(141): CWebApplication->runController('site/user')
#3 C:\xampp\htdocs\yii-master\framework\base\CApplication.php(185): CWebApplication->processRequest()
#4 C:\xampp\htdocs\yii-InoversClinic\index.php(13): CApplication->run()
#5 {main}
REQUEST_URI=/yii-InoversClinic/index.php?r=site/user
HTTP_REFERER=http://localhost/yii-InoversClinic/index.php?r=site/index
---
2024/09/02 21:53:36 [error] [exception.CHttpException.404] CHttpException: The system is unable to find the requested action "user". in C:\xampp\htdocs\yii-master\framework\web\CController.php:486
Stack trace:
#0 C:\xampp\htdocs\yii-master\framework\web\CController.php(270): CController->missingAction('user')
#1 C:\xampp\htdocs\yii-master\framework\web\CWebApplication.php(282): CController->run('user')
#2 C:\xampp\htdocs\yii-master\framework\web\CWebApplication.php(141): CWebApplication->runController('site/user')
#3 C:\xampp\htdocs\yii-master\framework\base\CApplication.php(185): CWebApplication->processRequest()
#4 C:\xampp\htdocs\yii-InoversClinic\index.php(13): CApplication->run()
#5 {main}
REQUEST_URI=/yii-InoversClinic/index.php?r=site/user
HTTP_REFERER=http://localhost/yii-InoversClinic/index.php?r=site/index
---
2024/09/02 21:53:38 [error] [exception.CHttpException.404] CHttpException: The system is unable to find the requested action "user". in C:\xampp\htdocs\yii-master\framework\web\CController.php:486
Stack trace:
#0 C:\xampp\htdocs\yii-master\framework\web\CController.php(270): CController->missingAction('user')
#1 C:\xampp\htdocs\yii-master\framework\web\CWebApplication.php(282): CController->run('user')
#2 C:\xampp\htdocs\yii-master\framework\web\CWebApplication.php(141): CWebApplication->runController('site/user')
#3 C:\xampp\htdocs\yii-master\framework\base\CApplication.php(185): CWebApplication->processRequest()
#4 C:\xampp\htdocs\yii-InoversClinic\index.php(13): CApplication->run()
#5 {main}
REQUEST_URI=/yii-InoversClinic/index.php?r=site/user
HTTP_REFERER=http://localhost/yii-InoversClinic/index.php?r=site/index
---
2024/09/02 21:53:38 [error] [exception.CHttpException.404] CHttpException: The system is unable to find the requested action "user". in C:\xampp\htdocs\yii-master\framework\web\CController.php:486
Stack trace:
#0 C:\xampp\htdocs\yii-master\framework\web\CController.php(270): CController->missingAction('user')
#1 C:\xampp\htdocs\yii-master\framework\web\CWebApplication.php(282): CController->run('user')
#2 C:\xampp\htdocs\yii-master\framework\web\CWebApplication.php(141): CWebApplication->runController('site/user')
#3 C:\xampp\htdocs\yii-master\framework\base\CApplication.php(185): CWebApplication->processRequest()
#4 C:\xampp\htdocs\yii-InoversClinic\index.php(13): CApplication->run()
#5 {main}
REQUEST_URI=/yii-InoversClinic/index.php?r=site/user
HTTP_REFERER=http://localhost/yii-InoversClinic/index.php?r=site/index
---
2024/09/02 21:53:44 [error] [exception.CHttpException.404] CHttpException: The system is unable to find the requested action "user". in C:\xampp\htdocs\yii-master\framework\web\CController.php:486
Stack trace:
#0 C:\xampp\htdocs\yii-master\framework\web\CController.php(270): CController->missingAction('user')
#1 C:\xampp\htdocs\yii-master\framework\web\CWebApplication.php(282): CController->run('user')
#2 C:\xampp\htdocs\yii-master\framework\web\CWebApplication.php(141): CWebApplication->runController('site/user')
#3 C:\xampp\htdocs\yii-master\framework\base\CApplication.php(185): CWebApplication->processRequest()
#4 C:\xampp\htdocs\yii-InoversClinic\index.php(13): CApplication->run()
#5 {main}
REQUEST_URI=/yii-InoversClinic/index.php?r=site/user
HTTP_REFERER=http://localhost/yii-InoversClinic/index.php?r=site/index
---
2024/09/02 21:54:19 [error] [exception.CHttpException.404] CHttpException: The system is unable to find the requested action "about". in C:\xampp\htdocs\yii-master\framework\web\CController.php:486
Stack trace:
#0 C:\xampp\htdocs\yii-master\framework\web\CController.php(270): CController->missingAction('about')
#1 C:\xampp\htdocs\yii-master\framework\web\CWebApplication.php(282): CController->run('about')
#2 C:\xampp\htdocs\yii-master\framework\web\CWebApplication.php(141): CWebApplication->runController('site/about')
#3 C:\xampp\htdocs\yii-master\framework\base\CApplication.php(185): CWebApplication->processRequest()
#4 C:\xampp\htdocs\yii-InoversClinic\index.php(13): CApplication->run()
#5 {main}
REQUEST_URI=/yii-InoversClinic/index.php?r=site/about
---
2024/09/02 21:57:01 [error] [exception.CHttpException.404] CHttpException: The system is unable to find the requested action "user". in C:\xampp\htdocs\yii-master\framework\web\CController.php:486
Stack trace:
#0 C:\xampp\htdocs\yii-master\framework\web\CController.php(270): CController->missingAction('user')
#1 C:\xampp\htdocs\yii-master\framework\web\CWebApplication.php(282): CController->run('user')
#2 C:\xampp\htdocs\yii-master\framework\web\CWebApplication.php(141): CWebApplication->runController('site/user')
#3 C:\xampp\htdocs\yii-master\framework\base\CApplication.php(185): CWebApplication->processRequest()
#4 C:\xampp\htdocs\yii-InoversClinic\index.php(13): CApplication->run()
#5 {main}
REQUEST_URI=/yii-InoversClinic/index.php?r=site/user
HTTP_REFERER=http://localhost/yii-InoversClinic/index.php?r=site/page&view=about
---
2024/09/02 21:57:03 [error] [exception.CHttpException.404] CHttpException: The system is unable to find the requested action "user". in C:\xampp\htdocs\yii-master\framework\web\CController.php:486
Stack trace:
#0 C:\xampp\htdocs\yii-master\framework\web\CController.php(270): CController->missingAction('user')
#1 C:\xampp\htdocs\yii-master\framework\web\CWebApplication.php(282): CController->run('user')
#2 C:\xampp\htdocs\yii-master\framework\web\CWebApplication.php(141): CWebApplication->runController('site/user')
#3 C:\xampp\htdocs\yii-master\framework\base\CApplication.php(185): CWebApplication->processRequest()
#4 C:\xampp\htdocs\yii-InoversClinic\index.php(13): CApplication->run()
#5 {main}
REQUEST_URI=/yii-InoversClinic/index.php?r=site/user
HTTP_REFERER=http://localhost/yii-InoversClinic/index.php?r=site/page&view=about
---
2024/09/02 21:57:12 [error] [exception.CHttpException.404] CHttpException: The system is unable to find the requested action "user". in C:\xampp\htdocs\yii-master\framework\web\CController.php:486
Stack trace:
#0 C:\xampp\htdocs\yii-master\framework\web\CController.php(270): CController->missingAction('user')
#1 C:\xampp\htdocs\yii-master\framework\web\CWebApplication.php(282): CController->run('user')
#2 C:\xampp\htdocs\yii-master\framework\web\CWebApplication.php(141): CWebApplication->runController('site/user')
#3 C:\xampp\htdocs\yii-master\framework\base\CApplication.php(185): CWebApplication->processRequest()
#4 C:\xampp\htdocs\yii-InoversClinic\index.php(13): CApplication->run()
#5 {main}
REQUEST_URI=/yii-InoversClinic/index.php?r=site/user
HTTP_REFERER=http://localhost/yii-InoversClinic/index.php?r=site/page&view=about
---
2024/09/02 21:57:18 [error] [exception.CHttpException.404] CHttpException: The system is unable to find the requested action "user". in C:\xampp\htdocs\yii-master\framework\web\CController.php:486
Stack trace:
#0 C:\xampp\htdocs\yii-master\framework\web\CController.php(270): CController->missingAction('user')
#1 C:\xampp\htdocs\yii-master\framework\web\CWebApplication.php(282): CController->run('user')
#2 C:\xampp\htdocs\yii-master\framework\web\CWebApplication.php(141): CWebApplication->runController('site/user/view')
#3 C:\xampp\htdocs\yii-master\framework\base\CApplication.php(185): CWebApplication->processRequest()
#4 C:\xampp\htdocs\yii-InoversClinic\index.php(13): CApplication->run()
#5 {main}
REQUEST_URI=/yii-InoversClinic/index.php?r=site/user/view
---
2024/09/02 21:57:25 [error] [exception.CHttpException.404] CHttpException: The system is unable to find the requested action "user". in C:\xampp\htdocs\yii-master\framework\web\CController.php:486
Stack trace:
#0 C:\xampp\htdocs\yii-master\framework\web\CController.php(270): CController->missingAction('user')
#1 C:\xampp\htdocs\yii-master\framework\web\CWebApplication.php(282): CController->run('user')
#2 C:\xampp\htdocs\yii-master\framework\web\CWebApplication.php(141): CWebApplication->runController('site/user')
#3 C:\xampp\htdocs\yii-master\framework\base\CApplication.php(185): CWebApplication->processRequest()
#4 C:\xampp\htdocs\yii-InoversClinic\index.php(13): CApplication->run()
#5 {main}
REQUEST_URI=/yii-InoversClinic/index.php?r=site/user
---
